<?xml version="1.0" encoding="UTF-8"?>
<testsuite name="MapTest" tests="1" skipped="0" failures="0" errors="0" timestamp="2021-09-21T15:10:04" hostname="WORKSTATION" time="0.015">
  <properties/>
  <testcase name="shouldRemoveAllStudentsFromMap()" classname="MapTest" time="0.015"/>
  <system-out><![CDATA[]]></system-out>
  <system-err><![CDATA[]]></system-err>
</testsuite>
